<?xml version="1.0" encoding="UTF-8"?>
<!-- Generated by org.testng.reporters.JUnitXMLReporter -->
<testsuite ignored="0" hostname="DESKTOP-22IJGLQ" failures="21" tests="21" name="Test" time="0.407" errors="0" timestamp="2022-02-15T06:38:51 EST">
  <testcase classname="test.blockcertsTest" name="launchBrowser" time="0.134">
    <failure type="java.lang.NoSuchMethodError" message="&amp;apos;com.google.common.collect.ImmutableMap com.google.common.collect.ImmutableMap.of(java.lang.Object, java.lang.Object, java.lang.Object, java.lang.Object, java.lang.Object, java.lang.Object, java.lang.Object, java.lang.Object, java.lang.Object, java.lang.Object, java.lang.Object, java.lang.Object)&amp;apos;">
      <![CDATA[java.lang.NoSuchMethodError: 'com.google.common.collect.ImmutableMap com.google.common.collect.ImmutableMap.of(java.lang.Object, java.lang.Object, java.lang.Object, java.lang.Object, java.lang.Object, java.lang.Object, java.lang.Object, java.lang.Object, java.lang.Object, java.lang.Object, java.lang.Object, java.lang.Object)'
at org.openqa.selenium.chrome.AddHasCasting.getAdditionalCommands(AddHasCasting.java:38)
at org.openqa.selenium.chrome.ChromeDriver$ChromeDriverCommandExecutor.getExtraCommands(ChromeDriver.java:123)
at org.openqa.selenium.chrome.ChromeDriver$ChromeDriverCommandExecutor.<init>(ChromeDriver.java:118)
at org.openqa.selenium.chrome.ChromeDriver.<init>(ChromeDriver.java:106)
at org.openqa.selenium.chrome.ChromeDriver.<init>(ChromeDriver.java:93)
at org.openqa.selenium.chrome.ChromeDriver.<init>(ChromeDriver.java:48)
at test.blockcertsTest.launchBrowser(blockcertsTest.java:28)
at java.base/java.util.ArrayList.forEach(ArrayList.java:1511)
... Removed 27 stack frames]]>
    </failure>
  </testcase> <!-- launchBrowser -->
  <testcase classname="test.blockcertsTest" name="signInPageLogoTest" time="0.005">
    <failure type="java.lang.AssertionError" message="null">
      <![CDATA[java.lang.AssertionError: null
at test.blockcertsTest.signInPageLogoTest(blockcertsTest.java:78)
at java.base/java.util.ArrayList.forEach(ArrayList.java:1511)
... Removed 29 stack frames]]>
    </failure>
  </testcase> <!-- signInPageLogoTest -->
  <testcase classname="test.blockcertsTest" name="signInPagePlaceholderTest" time="0.002">
    <failure type="java.lang.AssertionError" message="null">
      <![CDATA[java.lang.AssertionError: null
at test.blockcertsTest.signInPagePlaceholderTest(blockcertsTest.java:113)
at java.base/java.util.ArrayList.forEach(ArrayList.java:1511)
... Removed 29 stack frames]]>
    </failure>
  </testcase> <!-- signInPagePlaceholderTest -->
  <testcase classname="test.blockcertsTest" name="signInPageCheckBoxTest" time="0.002">
    <failure type="java.lang.AssertionError" message="null">
      <![CDATA[java.lang.AssertionError: null
at test.blockcertsTest.signInPageCheckBoxTest(blockcertsTest.java:152)
at java.base/java.util.ArrayList.forEach(ArrayList.java:1511)
... Removed 29 stack frames]]>
    </failure>
  </testcase> <!-- signInPageCheckBoxTest -->
  <testcase classname="test.blockcertsTest" name="signInPageLoginButtonTest" time="0.001">
    <failure type="java.lang.AssertionError" message="null">
      <![CDATA[java.lang.AssertionError: null
at test.blockcertsTest.signInPageLoginButtonTest(blockcertsTest.java:204)
at java.base/java.util.ArrayList.forEach(ArrayList.java:1511)
... Removed 29 stack frames]]>
    </failure>
  </testcase> <!-- signInPageLoginButtonTest -->
  <testcase classname="test.blockcertsTest" name="signInPageHyperlinksTest" time="0.004">
    <failure type="java.lang.AssertionError" message="null">
      <![CDATA[java.lang.AssertionError: null
at test.blockcertsTest.signInPageHyperlinksTest(blockcertsTest.java:248)
at java.base/java.util.ArrayList.forEach(ArrayList.java:1511)
... Removed 29 stack frames]]>
    </failure>
  </testcase> <!-- signInPageHyperlinksTest -->
  <testcase classname="test.blockcertsTest" name="signInPageRecoverPasswordTest" time="0.002">
    <failure type="java.lang.AssertionError" message="null">
      <![CDATA[java.lang.AssertionError: null
at test.blockcertsTest.signInPageRecoverPasswordTest(blockcertsTest.java:304)
at java.base/java.util.ArrayList.forEach(ArrayList.java:1511)
... Removed 29 stack frames]]>
    </failure>
  </testcase> <!-- signInPageRecoverPasswordTest -->
  <testcase classname="test.blockcertsTest" name="signInPageCreateYourAccountButtonTest" time="0.002">
    <failure type="java.lang.AssertionError" message="null">
      <![CDATA[java.lang.AssertionError: null
at test.blockcertsTest.signInPageCreateYourAccountButtonTest(blockcertsTest.java:354)
at java.base/java.util.ArrayList.forEach(ArrayList.java:1511)
... Removed 29 stack frames]]>
    </failure>
  </testcase> <!-- signInPageCreateYourAccountButtonTest -->
  <testcase classname="test.blockcertsTest" name="createAccountPageURLTest" time="0.002">
    <failure type="java.lang.AssertionError" message="null">
      <![CDATA[java.lang.AssertionError: null
at test.blockcertsTest.createAccountPageURLTest(blockcertsTest.java:387)
at java.base/java.util.ArrayList.forEach(ArrayList.java:1511)
... Removed 29 stack frames]]>
    </failure>
  </testcase> <!-- createAccountPageURLTest -->
  <testcase classname="test.blockcertsTest" name="createAccountPageLogoTest" time="0.002">
    <failure type="java.lang.AssertionError" message="null">
      <![CDATA[java.lang.AssertionError: null
at test.blockcertsTest.createAccountPageLogoTest(blockcertsTest.java:420)
at java.base/java.util.ArrayList.forEach(ArrayList.java:1511)
... Removed 29 stack frames]]>
    </failure>
  </testcase> <!-- createAccountPageLogoTest -->
  <testcase classname="test.blockcertsTest" name="createAccountPagePlaceholderTest" time="0.002">
    <failure type="java.lang.AssertionError" message="null">
      <![CDATA[java.lang.AssertionError: null
at test.blockcertsTest.createAccountPagePlaceholderTest(blockcertsTest.java:452)
at java.base/java.util.ArrayList.forEach(ArrayList.java:1511)
... Removed 29 stack frames]]>
    </failure>
  </testcase> <!-- createAccountPagePlaceholderTest -->
  <testcase classname="test.blockcertsTest" name="createAccountPageButtonTest" time="0.001">
    <failure type="java.lang.AssertionError" message="null">
      <![CDATA[java.lang.AssertionError: null
at test.blockcertsTest.createAccountPageButtonTest(blockcertsTest.java:485)
at java.base/java.util.ArrayList.forEach(ArrayList.java:1511)
... Removed 29 stack frames]]>
    </failure>
  </testcase> <!-- createAccountPageButtonTest -->
  <testcase classname="test.blockcertsTest" name="createAccountPageLoginInsteadTest" time="0.001">
    <failure type="java.lang.AssertionError" message="null">
      <![CDATA[java.lang.AssertionError: null
at test.blockcertsTest.createAccountPageLoginInsteadTest(blockcertsTest.java:517)
at java.base/java.util.ArrayList.forEach(ArrayList.java:1511)
... Removed 29 stack frames]]>
    </failure>
  </testcase> <!-- createAccountPageLoginInsteadTest -->
  <testcase classname="test.blockcertsTest" name="signUpPageLogoTest" time="0.012">
    <failure type="java.lang.AssertionError" message="null">
      <![CDATA[java.lang.AssertionError: null
at test.blockcertsTest.signUpPageLogoTest(blockcertsTest.java:553)
at java.base/java.util.ArrayList.forEach(ArrayList.java:1511)
... Removed 29 stack frames]]>
    </failure>
  </testcase> <!-- signUpPageLogoTest -->
  <testcase classname="test.blockcertsTest" name="signUpPagePlaceholderTest" time="0.001">
    <failure type="java.lang.AssertionError" message="null">
      <![CDATA[java.lang.AssertionError: null
at test.blockcertsTest.signUpPagePlaceholderTest(blockcertsTest.java:592)
at java.base/java.util.ArrayList.forEach(ArrayList.java:1511)
... Removed 29 stack frames]]>
    </failure>
  </testcase> <!-- signUpPagePlaceholderTest -->
  <testcase classname="test.blockcertsTest" name="signUpPageCreateButtonTest" time="0.002">
    <failure type="java.lang.AssertionError" message="null">
      <![CDATA[java.lang.AssertionError: null
at test.blockcertsTest.signUpPageCreateButtonTest(blockcertsTest.java:626)
at java.base/java.util.ArrayList.forEach(ArrayList.java:1511)
... Removed 29 stack frames]]>
    </failure>
  </testcase> <!-- signUpPageCreateButtonTest -->
  <testcase classname="test.blockcertsTest" name="signUpPageLoginInsteadTest" time="0.001">
    <failure type="java.lang.AssertionError" message="null">
      <![CDATA[java.lang.AssertionError: null
at test.blockcertsTest.signUpPageLoginInsteadTest(blockcertsTest.java:658)
at java.base/java.util.ArrayList.forEach(ArrayList.java:1511)
... Removed 29 stack frames]]>
    </failure>
  </testcase> <!-- signUpPageLoginInsteadTest -->
  <testcase classname="test.blockcertsTest" name="mandatoryFieldsTest" time="0.004">
    <failure type="java.lang.AssertionError" message="null">
      <![CDATA[java.lang.AssertionError: null
at test.blockcertsTest.mandatoryFieldsTest(blockcertsTest.java:694)
at java.base/java.util.ArrayList.forEach(ArrayList.java:1511)
... Removed 29 stack frames]]>
    </failure>
  </testcase> <!-- mandatoryFieldsTest -->
  <testcase classname="test.blockcertsTest" name="signUpPageEmailTest" time="0.001">
    <failure type="java.lang.AssertionError" message="null">
      <![CDATA[java.lang.AssertionError: null
at test.blockcertsTest.signUpPageEmailTest(blockcertsTest.java:736)
at java.base/java.util.ArrayList.forEach(ArrayList.java:1511)
... Removed 29 stack frames]]>
    </failure>
  </testcase> <!-- signUpPageEmailTest -->
  <testcase classname="test.blockcertsTest" name="signUpPageNegativeFieldValidation" time="0.002">
    <failure type="java.lang.AssertionError" message="null">
      <![CDATA[java.lang.AssertionError: null
at test.blockcertsTest.signUpPageNegativeFieldValidation(blockcertsTest.java:776)
at java.base/java.util.ArrayList.forEach(ArrayList.java:1511)
... Removed 29 stack frames]]>
    </failure>
  </testcase> <!-- signUpPageNegativeFieldValidation -->
  <testcase classname="test.blockcertsTest" name="signUpPagePositiveFieldValidation" time="0.004">
    <failure type="java.lang.AssertionError" message="null">
      <![CDATA[java.lang.AssertionError: null
at test.blockcertsTest.signUpPagePositiveFieldValidation(blockcertsTest.java:823)
at java.base/java.util.ArrayList.forEach(ArrayList.java:1511)
... Removed 29 stack frames]]>
    </failure>
  </testcase> <!-- signUpPagePositiveFieldValidation -->
</testsuite> <!-- Test -->
